<html>
<head>
<title>TestNG:  All Test</title>
<link href="../testng.css" rel="stylesheet" type="text/css" />
<link href="../my-testng.css" rel="stylesheet" type="text/css" />

<style type="text/css">
.log { display: none;} 
.stack-trace { display: none;} 
</style>
<script type="text/javascript">
<!--
function flip(e) {
  current = e.style.display;
  if (current == 'block') {
    e.style.display = 'none';
    return 0;
  }
  else {
    e.style.display = 'block';
    return 1;
  }
}

function toggleBox(szDivId, elem, msg1, msg2)
{
  var res = -1;  if (document.getElementById) {
    res = flip(document.getElementById(szDivId));
  }
  else if (document.all) {
    // this is the way old msie versions work
    res = flip(document.all[szDivId]);
  }
  if(elem) {
    if(res == 0) elem.innerHTML = msg1; else elem.innerHTML = msg2;
  }

}

function toggleAllBoxes() {
  if (document.getElementsByTagName) {
    d = document.getElementsByTagName('div');
    for (i = 0; i < d.length; i++) {
      if (d[i].className == 'log') {
        flip(d[i]);
      }
    }
  }
}

// -->
</script>

</head>
<body>
<h2 align='center'>All Test</h2><table border='1' align="center">
<tr>
<td>Tests passed/Failed/Skipped:</td><td>23/6/0</td>
</tr><tr>
<td>Started on:</td><td>Sun Jul 02 00:33:18 BDT 2023</td>
</tr>
<tr><td>Total time:</td><td>728 seconds (728369 ms)</td>
</tr><tr>
<td>Included groups:</td><td></td>
</tr><tr>
<td>Excluded groups:</td><td></td>
</tr>
</table><p/>
<small><i>(Hover the method name to see the test class name)</i></small><p/>
<table width='100%' border='1' class='invocation-failed'>
<tr><td colspan='4' align='center'><b>FAILED TESTS</b></td></tr>
<tr><td><b>Test method</b></td>
<td><b>Attribute(s)</b></td>
<td width="30%"><b>Exception</b></td>
<td width="10%"><b>Time (seconds)</b></td>
<td><b>Instance</b></td>
</tr>
<tr>
<td title='com.swaglabs.testcases.LoginPageTest.loginDDT()'><b>loginDDT</b><br>Test class: com.swaglabs.testcases.LoginPageTest<br>Parameters: locked_out_user, secret_sauce</td>
<td><div><pre>java.lang.AssertionError: expected [true] but found [false]
	at com.swaglabs.testcases.LoginPageTest.loginDDT(LoginPageTest.java:50)
	at java.base/java.util.ArrayList.forEach(ArrayList.java:1511)
... Removed 31 stack frames</pre></div><a href='#' onClick='toggleBox("stack-trace1303187181", this, "Click to show all stack frames", "Click to hide stack frames")'>Click to show all stack frames</a>
<div class='stack-trace' id='stack-trace1303187181'><pre>java.lang.AssertionError: expected [true] but found [false]
	at org.testng.Assert.fail(Assert.java:110)
	at org.testng.Assert.failNotEquals(Assert.java:1577)
	at org.testng.Assert.assertTrue(Assert.java:56)
	at org.testng.Assert.assertTrue(Assert.java:66)
	at com.swaglabs.testcases.LoginPageTest.loginDDT(LoginPageTest.java:50)
	at java.base/jdk.internal.reflect.NativeMethodAccessorImpl.invoke0(Native Method)
	at java.base/jdk.internal.reflect.NativeMethodAccessorImpl.invoke(NativeMethodAccessorImpl.java:77)
	at java.base/jdk.internal.reflect.DelegatingMethodAccessorImpl.invoke(DelegatingMethodAccessorImpl.java:43)
	at java.base/java.lang.reflect.Method.invoke(Method.java:568)
	at org.testng.internal.invokers.MethodInvocationHelper.invokeMethod(MethodInvocationHelper.java:139)
	at org.testng.internal.invokers.TestInvoker.invokeMethod(TestInvoker.java:677)
	at org.testng.internal.invokers.TestInvoker.invokeTestMethod(TestInvoker.java:221)
	at org.testng.internal.invokers.MethodRunner.runInSequence(MethodRunner.java:50)
	at org.testng.internal.invokers.TestInvoker$MethodInvocationAgent.invoke(TestInvoker.java:969)
	at org.testng.internal.invokers.TestInvoker.invokeTestMethods(TestInvoker.java:194)
	at org.testng.internal.invokers.TestMethodWorker.invokeTestMethods(TestMethodWorker.java:148)
	at org.testng.internal.invokers.TestMethodWorker.run(TestMethodWorker.java:128)
	at java.base/java.util.ArrayList.forEach(ArrayList.java:1511)
	at org.testng.TestRunner.privateRun(TestRunner.java:829)
	at org.testng.TestRunner.run(TestRunner.java:602)
	at org.testng.SuiteRunner.runTest(SuiteRunner.java:437)
	at org.testng.SuiteRunner.runSequentially(SuiteRunner.java:431)
	at org.testng.SuiteRunner.privateRun(SuiteRunner.java:391)
	at org.testng.SuiteRunner.run(SuiteRunner.java:330)
	at org.testng.SuiteRunnerWorker.runSuite(SuiteRunnerWorker.java:52)
	at org.testng.SuiteRunnerWorker.run(SuiteRunnerWorker.java:95)
	at org.testng.TestNG.runSuitesSequentially(TestNG.java:1256)
	at org.testng.TestNG.runSuitesLocally(TestNG.java:1176)
	at org.testng.TestNG.runSuites(TestNG.java:1099)
	at org.testng.TestNG.run(TestNG.java:1067)
	at org.testng.remote.AbstractRemoteTestNG.run(AbstractRemoteTestNG.java:115)
	at org.testng.remote.RemoteTestNG.initAndRun(RemoteTestNG.java:251)
	at org.testng.remote.RemoteTestNG.main(RemoteTestNG.java:77)
</pre></div></td>
<td>9</td>
<td>com.swaglabs.testcases.LoginPageTest@298a5e20</td></tr>
<tr>
<td title='com.swaglabs.testcases.LoginPageTest.loginDDT()'><b>loginDDT</b><br>Test class: com.swaglabs.testcases.LoginPageTest<br>Parameters: shifat_laskor, sec_sau</td>
<td><div><pre>java.lang.AssertionError: expected [true] but found [false]
	at com.swaglabs.testcases.LoginPageTest.loginDDT(LoginPageTest.java:50)
	at java.base/java.util.ArrayList.forEach(ArrayList.java:1511)
... Removed 31 stack frames</pre></div><a href='#' onClick='toggleBox("stack-trace472959877", this, "Click to show all stack frames", "Click to hide stack frames")'>Click to show all stack frames</a>
<div class='stack-trace' id='stack-trace472959877'><pre>java.lang.AssertionError: expected [true] but found [false]
	at org.testng.Assert.fail(Assert.java:110)
	at org.testng.Assert.failNotEquals(Assert.java:1577)
	at org.testng.Assert.assertTrue(Assert.java:56)
	at org.testng.Assert.assertTrue(Assert.java:66)
	at com.swaglabs.testcases.LoginPageTest.loginDDT(LoginPageTest.java:50)
	at java.base/jdk.internal.reflect.NativeMethodAccessorImpl.invoke0(Native Method)
	at java.base/jdk.internal.reflect.NativeMethodAccessorImpl.invoke(NativeMethodAccessorImpl.java:77)
	at java.base/jdk.internal.reflect.DelegatingMethodAccessorImpl.invoke(DelegatingMethodAccessorImpl.java:43)
	at java.base/java.lang.reflect.Method.invoke(Method.java:568)
	at org.testng.internal.invokers.MethodInvocationHelper.invokeMethod(MethodInvocationHelper.java:139)
	at org.testng.internal.invokers.TestInvoker.invokeMethod(TestInvoker.java:677)
	at org.testng.internal.invokers.TestInvoker.invokeTestMethod(TestInvoker.java:221)
	at org.testng.internal.invokers.MethodRunner.runInSequence(MethodRunner.java:50)
	at org.testng.internal.invokers.TestInvoker$MethodInvocationAgent.invoke(TestInvoker.java:969)
	at org.testng.internal.invokers.TestInvoker.invokeTestMethods(TestInvoker.java:194)
	at org.testng.internal.invokers.TestMethodWorker.invokeTestMethods(TestMethodWorker.java:148)
	at org.testng.internal.invokers.TestMethodWorker.run(TestMethodWorker.java:128)
	at java.base/java.util.ArrayList.forEach(ArrayList.java:1511)
	at org.testng.TestRunner.privateRun(TestRunner.java:829)
	at org.testng.TestRunner.run(TestRunner.java:602)
	at org.testng.SuiteRunner.runTest(SuiteRunner.java:437)
	at org.testng.SuiteRunner.runSequentially(SuiteRunner.java:431)
	at org.testng.SuiteRunner.privateRun(SuiteRunner.java:391)
	at org.testng.SuiteRunner.run(SuiteRunner.java:330)
	at org.testng.SuiteRunnerWorker.runSuite(SuiteRunnerWorker.java:52)
	at org.testng.SuiteRunnerWorker.run(SuiteRunnerWorker.java:95)
	at org.testng.TestNG.runSuitesSequentially(TestNG.java:1256)
	at org.testng.TestNG.runSuitesLocally(TestNG.java:1176)
	at org.testng.TestNG.runSuites(TestNG.java:1099)
	at org.testng.TestNG.run(TestNG.java:1067)
	at org.testng.remote.AbstractRemoteTestNG.run(AbstractRemoteTestNG.java:115)
	at org.testng.remote.RemoteTestNG.initAndRun(RemoteTestNG.java:251)
	at org.testng.remote.RemoteTestNG.main(RemoteTestNG.java:77)
</pre></div></td>
<td>9</td>
<td>com.swaglabs.testcases.LoginPageTest@298a5e20</td></tr>
<tr>
<td title='com.swaglabs.testcases.LoginPageTest.loginDDT()'><b>loginDDT</b><br>Test class: com.swaglabs.testcases.LoginPageTest<br>Parameters: roy_troy, rex_trex</td>
<td><div><pre>java.lang.AssertionError: expected [true] but found [false]
	at com.swaglabs.testcases.LoginPageTest.loginDDT(LoginPageTest.java:50)
	at java.base/java.util.ArrayList.forEach(ArrayList.java:1511)
... Removed 31 stack frames</pre></div><a href='#' onClick='toggleBox("stack-trace961847091", this, "Click to show all stack frames", "Click to hide stack frames")'>Click to show all stack frames</a>
<div class='stack-trace' id='stack-trace961847091'><pre>java.lang.AssertionError: expected [true] but found [false]
	at org.testng.Assert.fail(Assert.java:110)
	at org.testng.Assert.failNotEquals(Assert.java:1577)
	at org.testng.Assert.assertTrue(Assert.java:56)
	at org.testng.Assert.assertTrue(Assert.java:66)
	at com.swaglabs.testcases.LoginPageTest.loginDDT(LoginPageTest.java:50)
	at java.base/jdk.internal.reflect.NativeMethodAccessorImpl.invoke0(Native Method)
	at java.base/jdk.internal.reflect.NativeMethodAccessorImpl.invoke(NativeMethodAccessorImpl.java:77)
	at java.base/jdk.internal.reflect.DelegatingMethodAccessorImpl.invoke(DelegatingMethodAccessorImpl.java:43)
	at java.base/java.lang.reflect.Method.invoke(Method.java:568)
	at org.testng.internal.invokers.MethodInvocationHelper.invokeMethod(MethodInvocationHelper.java:139)
	at org.testng.internal.invokers.TestInvoker.invokeMethod(TestInvoker.java:677)
	at org.testng.internal.invokers.TestInvoker.invokeTestMethod(TestInvoker.java:221)
	at org.testng.internal.invokers.MethodRunner.runInSequence(MethodRunner.java:50)
	at org.testng.internal.invokers.TestInvoker$MethodInvocationAgent.invoke(TestInvoker.java:969)
	at org.testng.internal.invokers.TestInvoker.invokeTestMethods(TestInvoker.java:194)
	at org.testng.internal.invokers.TestMethodWorker.invokeTestMethods(TestMethodWorker.java:148)
	at org.testng.internal.invokers.TestMethodWorker.run(TestMethodWorker.java:128)
	at java.base/java.util.ArrayList.forEach(ArrayList.java:1511)
	at org.testng.TestRunner.privateRun(TestRunner.java:829)
	at org.testng.TestRunner.run(TestRunner.java:602)
	at org.testng.SuiteRunner.runTest(SuiteRunner.java:437)
	at org.testng.SuiteRunner.runSequentially(SuiteRunner.java:431)
	at org.testng.SuiteRunner.privateRun(SuiteRunner.java:391)
	at org.testng.SuiteRunner.run(SuiteRunner.java:330)
	at org.testng.SuiteRunnerWorker.runSuite(SuiteRunnerWorker.java:52)
	at org.testng.SuiteRunnerWorker.run(SuiteRunnerWorker.java:95)
	at org.testng.TestNG.runSuitesSequentially(TestNG.java:1256)
	at org.testng.TestNG.runSuitesLocally(TestNG.java:1176)
	at org.testng.TestNG.runSuites(TestNG.java:1099)
	at org.testng.TestNG.run(TestNG.java:1067)
	at org.testng.remote.AbstractRemoteTestNG.run(AbstractRemoteTestNG.java:115)
	at org.testng.remote.RemoteTestNG.initAndRun(RemoteTestNG.java:251)
	at org.testng.remote.RemoteTestNG.main(RemoteTestNG.java:77)
</pre></div></td>
<td>9</td>
<td>com.swaglabs.testcases.LoginPageTest@298a5e20</td></tr>
<tr>
<td title='com.swaglabs.testcases.CheckoutPageTest.checkOutInfoTest()'><b>checkOutInfoTest</b><br>Test class: com.swaglabs.testcases.CheckoutPageTest</td>
<td><div><pre>java.lang.AssertionError: expected [true] but found [false]
	at com.swaglabs.testcases.CheckoutPageTest.checkOutInfoTest(CheckoutPageTest.java:49)
	at java.base/java.util.ArrayList.forEach(ArrayList.java:1511)
... Removed 31 stack frames</pre></div><a href='#' onClick='toggleBox("stack-trace1004826012", this, "Click to show all stack frames", "Click to hide stack frames")'>Click to show all stack frames</a>
<div class='stack-trace' id='stack-trace1004826012'><pre>java.lang.AssertionError: expected [true] but found [false]
	at org.testng.Assert.fail(Assert.java:110)
	at org.testng.Assert.failNotEquals(Assert.java:1577)
	at org.testng.Assert.assertTrue(Assert.java:56)
	at org.testng.Assert.assertTrue(Assert.java:66)
	at com.swaglabs.testcases.CheckoutPageTest.checkOutInfoTest(CheckoutPageTest.java:49)
	at java.base/jdk.internal.reflect.NativeMethodAccessorImpl.invoke0(Native Method)
	at java.base/jdk.internal.reflect.NativeMethodAccessorImpl.invoke(NativeMethodAccessorImpl.java:77)
	at java.base/jdk.internal.reflect.DelegatingMethodAccessorImpl.invoke(DelegatingMethodAccessorImpl.java:43)
	at java.base/java.lang.reflect.Method.invoke(Method.java:568)
	at org.testng.internal.invokers.MethodInvocationHelper.invokeMethod(MethodInvocationHelper.java:139)
	at org.testng.internal.invokers.TestInvoker.invokeMethod(TestInvoker.java:677)
	at org.testng.internal.invokers.TestInvoker.invokeTestMethod(TestInvoker.java:221)
	at org.testng.internal.invokers.MethodRunner.runInSequence(MethodRunner.java:50)
	at org.testng.internal.invokers.TestInvoker$MethodInvocationAgent.invoke(TestInvoker.java:969)
	at org.testng.internal.invokers.TestInvoker.invokeTestMethods(TestInvoker.java:194)
	at org.testng.internal.invokers.TestMethodWorker.invokeTestMethods(TestMethodWorker.java:148)
	at org.testng.internal.invokers.TestMethodWorker.run(TestMethodWorker.java:128)
	at java.base/java.util.ArrayList.forEach(ArrayList.java:1511)
	at org.testng.TestRunner.privateRun(TestRunner.java:829)
	at org.testng.TestRunner.run(TestRunner.java:602)
	at org.testng.SuiteRunner.runTest(SuiteRunner.java:437)
	at org.testng.SuiteRunner.runSequentially(SuiteRunner.java:431)
	at org.testng.SuiteRunner.privateRun(SuiteRunner.java:391)
	at org.testng.SuiteRunner.run(SuiteRunner.java:330)
	at org.testng.SuiteRunnerWorker.runSuite(SuiteRunnerWorker.java:52)
	at org.testng.SuiteRunnerWorker.run(SuiteRunnerWorker.java:95)
	at org.testng.TestNG.runSuitesSequentially(TestNG.java:1256)
	at org.testng.TestNG.runSuitesLocally(TestNG.java:1176)
	at org.testng.TestNG.runSuites(TestNG.java:1099)
	at org.testng.TestNG.run(TestNG.java:1067)
	at org.testng.remote.AbstractRemoteTestNG.run(AbstractRemoteTestNG.java:115)
	at org.testng.remote.RemoteTestNG.initAndRun(RemoteTestNG.java:251)
	at org.testng.remote.RemoteTestNG.main(RemoteTestNG.java:77)
</pre></div></td>
<td>37</td>
<td>com.swaglabs.testcases.CheckoutPageTest@33065d67</td></tr>
<tr>
<td title='com.swaglabs.testcases.LoginPageTest.loginDDT()'><b>loginDDT</b><br>Test class: com.swaglabs.testcases.LoginPageTest<br>Parameters: Username, Password</td>
<td><div><pre>java.lang.AssertionError: expected [true] but found [false]
	at com.swaglabs.testcases.LoginPageTest.loginDDT(LoginPageTest.java:50)
	at java.base/java.util.ArrayList.forEach(ArrayList.java:1511)
... Removed 31 stack frames</pre></div><a href='#' onClick='toggleBox("stack-trace815590838", this, "Click to show all stack frames", "Click to hide stack frames")'>Click to show all stack frames</a>
<div class='stack-trace' id='stack-trace815590838'><pre>java.lang.AssertionError: expected [true] but found [false]
	at org.testng.Assert.fail(Assert.java:110)
	at org.testng.Assert.failNotEquals(Assert.java:1577)
	at org.testng.Assert.assertTrue(Assert.java:56)
	at org.testng.Assert.assertTrue(Assert.java:66)
	at com.swaglabs.testcases.LoginPageTest.loginDDT(LoginPageTest.java:50)
	at java.base/jdk.internal.reflect.NativeMethodAccessorImpl.invoke0(Native Method)
	at java.base/jdk.internal.reflect.NativeMethodAccessorImpl.invoke(NativeMethodAccessorImpl.java:77)
	at java.base/jdk.internal.reflect.DelegatingMethodAccessorImpl.invoke(DelegatingMethodAccessorImpl.java:43)
	at java.base/java.lang.reflect.Method.invoke(Method.java:568)
	at org.testng.internal.invokers.MethodInvocationHelper.invokeMethod(MethodInvocationHelper.java:139)
	at org.testng.internal.invokers.TestInvoker.invokeMethod(TestInvoker.java:677)
	at org.testng.internal.invokers.TestInvoker.invokeTestMethod(TestInvoker.java:221)
	at org.testng.internal.invokers.MethodRunner.runInSequence(MethodRunner.java:50)
	at org.testng.internal.invokers.TestInvoker$MethodInvocationAgent.invoke(TestInvoker.java:969)
	at org.testng.internal.invokers.TestInvoker.invokeTestMethods(TestInvoker.java:194)
	at org.testng.internal.invokers.TestMethodWorker.invokeTestMethods(TestMethodWorker.java:148)
	at org.testng.internal.invokers.TestMethodWorker.run(TestMethodWorker.java:128)
	at java.base/java.util.ArrayList.forEach(ArrayList.java:1511)
	at org.testng.TestRunner.privateRun(TestRunner.java:829)
	at org.testng.TestRunner.run(TestRunner.java:602)
	at org.testng.SuiteRunner.runTest(SuiteRunner.java:437)
	at org.testng.SuiteRunner.runSequentially(SuiteRunner.java:431)
	at org.testng.SuiteRunner.privateRun(SuiteRunner.java:391)
	at org.testng.SuiteRunner.run(SuiteRunner.java:330)
	at org.testng.SuiteRunnerWorker.runSuite(SuiteRunnerWorker.java:52)
	at org.testng.SuiteRunnerWorker.run(SuiteRunnerWorker.java:95)
	at org.testng.TestNG.runSuitesSequentially(TestNG.java:1256)
	at org.testng.TestNG.runSuitesLocally(TestNG.java:1176)
	at org.testng.TestNG.runSuites(TestNG.java:1099)
	at org.testng.TestNG.run(TestNG.java:1067)
	at org.testng.remote.AbstractRemoteTestNG.run(AbstractRemoteTestNG.java:115)
	at org.testng.remote.RemoteTestNG.initAndRun(RemoteTestNG.java:251)
	at org.testng.remote.RemoteTestNG.main(RemoteTestNG.java:77)
</pre></div></td>
<td>9</td>
<td>com.swaglabs.testcases.LoginPageTest@298a5e20</td></tr>
<tr>
<td title='com.swaglabs.testcases.LoginPageTest.loginDDT()'><b>loginDDT</b><br>Test class: com.swaglabs.testcases.LoginPageTest<br>Parameters: jon_cena, nick_bela</td>
<td><div><pre>java.lang.AssertionError: expected [true] but found [false]
	at com.swaglabs.testcases.LoginPageTest.loginDDT(LoginPageTest.java:50)
	at java.base/java.util.ArrayList.forEach(ArrayList.java:1511)
... Removed 31 stack frames</pre></div><a href='#' onClick='toggleBox("stack-trace42007293", this, "Click to show all stack frames", "Click to hide stack frames")'>Click to show all stack frames</a>
<div class='stack-trace' id='stack-trace42007293'><pre>java.lang.AssertionError: expected [true] but found [false]
	at org.testng.Assert.fail(Assert.java:110)
	at org.testng.Assert.failNotEquals(Assert.java:1577)
	at org.testng.Assert.assertTrue(Assert.java:56)
	at org.testng.Assert.assertTrue(Assert.java:66)
	at com.swaglabs.testcases.LoginPageTest.loginDDT(LoginPageTest.java:50)
	at java.base/jdk.internal.reflect.NativeMethodAccessorImpl.invoke0(Native Method)
	at java.base/jdk.internal.reflect.NativeMethodAccessorImpl.invoke(NativeMethodAccessorImpl.java:77)
	at java.base/jdk.internal.reflect.DelegatingMethodAccessorImpl.invoke(DelegatingMethodAccessorImpl.java:43)
	at java.base/java.lang.reflect.Method.invoke(Method.java:568)
	at org.testng.internal.invokers.MethodInvocationHelper.invokeMethod(MethodInvocationHelper.java:139)
	at org.testng.internal.invokers.TestInvoker.invokeMethod(TestInvoker.java:677)
	at org.testng.internal.invokers.TestInvoker.invokeTestMethod(TestInvoker.java:221)
	at org.testng.internal.invokers.MethodRunner.runInSequence(MethodRunner.java:50)
	at org.testng.internal.invokers.TestInvoker$MethodInvocationAgent.invoke(TestInvoker.java:969)
	at org.testng.internal.invokers.TestInvoker.invokeTestMethods(TestInvoker.java:194)
	at org.testng.internal.invokers.TestMethodWorker.invokeTestMethods(TestMethodWorker.java:148)
	at org.testng.internal.invokers.TestMethodWorker.run(TestMethodWorker.java:128)
	at java.base/java.util.ArrayList.forEach(ArrayList.java:1511)
	at org.testng.TestRunner.privateRun(TestRunner.java:829)
	at org.testng.TestRunner.run(TestRunner.java:602)
	at org.testng.SuiteRunner.runTest(SuiteRunner.java:437)
	at org.testng.SuiteRunner.runSequentially(SuiteRunner.java:431)
	at org.testng.SuiteRunner.privateRun(SuiteRunner.java:391)
	at org.testng.SuiteRunner.run(SuiteRunner.java:330)
	at org.testng.SuiteRunnerWorker.runSuite(SuiteRunnerWorker.java:52)
	at org.testng.SuiteRunnerWorker.run(SuiteRunnerWorker.java:95)
	at org.testng.TestNG.runSuitesSequentially(TestNG.java:1256)
	at org.testng.TestNG.runSuitesLocally(TestNG.java:1176)
	at org.testng.TestNG.runSuites(TestNG.java:1099)
	at org.testng.TestNG.run(TestNG.java:1067)
	at org.testng.remote.AbstractRemoteTestNG.run(AbstractRemoteTestNG.java:115)
	at org.testng.remote.RemoteTestNG.initAndRun(RemoteTestNG.java:251)
	at org.testng.remote.RemoteTestNG.main(RemoteTestNG.java:77)
</pre></div></td>
<td>9</td>
<td>com.swaglabs.testcases.LoginPageTest@298a5e20</td></tr>
</table><p>
<table width='100%' border='1' class='invocation-passed'>
<tr><td colspan='4' align='center'><b>PASSED TESTS</b></td></tr>
<tr><td><b>Test method</b></td>
<td><b>Attribute(s)</b></td>
<td width="30%"><b>Exception</b></td>
<td width="10%"><b>Time (seconds)</b></td>
<td><b>Instance</b></td>
</tr>
<tr>
<td title='com.swaglabs.testcases.LoginPageTest.loginTest()'><b>loginTest</b><br>Test class: com.swaglabs.testcases.LoginPageTest</td>
<td></td>
<td>9</td>
<td>com.swaglabs.testcases.LoginPageTest@298a5e20</td></tr>
<tr>
<td title='com.swaglabs.testcases.HomePageTest.productTitleTest()'><b>productTitleTest</b><br>Test class: com.swaglabs.testcases.HomePageTest</td>
<td></td>
<td>35</td>
<td>com.swaglabs.testcases.HomePageTest@4b013c76</td></tr>
<tr>
<td title='com.swaglabs.testcases.HomePageTest.menuAboutBtnTest()'><b>menuAboutBtnTest</b><br>Test class: com.swaglabs.testcases.HomePageTest</td>
<td></td>
<td>14</td>
<td>com.swaglabs.testcases.HomePageTest@4b013c76</td></tr>
<tr>
<td title='com.swaglabs.testcases.DetailsPageTest.addCartTestDetailsPage()'><b>addCartTestDetailsPage</b><br>Test class: com.swaglabs.testcases.DetailsPageTest</td>
<td></td>
<td>42</td>
<td>com.swaglabs.testcases.DetailsPageTest@cb0755b</td></tr>
<tr>
<td title='com.swaglabs.testcases.HomePageTest.countProductTest()'><b>countProductTest</b><br>Test class: com.swaglabs.testcases.HomePageTest</td>
<td></td>
<td>8</td>
<td>com.swaglabs.testcases.HomePageTest@4b013c76</td></tr>
<tr>
<td title='com.swaglabs.testcases.CheckoutPageTest.ddtCheckOutInfoTest()'><b>ddtCheckOutInfoTest</b><br>Test class: com.swaglabs.testcases.CheckoutPageTest<br>Parameters: Lina, Degree, 1000.0</td>
<td></td>
<td>36</td>
<td>com.swaglabs.testcases.CheckoutPageTest@33065d67</td></tr>
<tr>
<td title='com.swaglabs.testcases.LoginPageTest.loginDDT()'><b>loginDDT</b><br>Test class: com.swaglabs.testcases.LoginPageTest<br>Parameters: problem_user, secret_sauce</td>
<td></td>
<td>10</td>
<td>com.swaglabs.testcases.LoginPageTest@298a5e20</td></tr>
<tr>
<td title='com.swaglabs.testcases.CheckoutPageTest.ddtCheckOutInfoTest()'><b>ddtCheckOutInfoTest</b><br>Test class: com.swaglabs.testcases.CheckoutPageTest<br>Parameters: Troy, Kelvin, 1400.0</td>
<td></td>
<td>37</td>
<td>com.swaglabs.testcases.CheckoutPageTest@33065d67</td></tr>
<tr>
<td title='com.swaglabs.testcases.LoginPageTest.loginDDT()'><b>loginDDT</b><br>Test class: com.swaglabs.testcases.LoginPageTest<br>Parameters: standard_user, secret_sauce</td>
<td></td>
<td>11</td>
<td>com.swaglabs.testcases.LoginPageTest@298a5e20</td></tr>
<tr>
<td title='com.swaglabs.testcases.CheckoutPageTest.cancelCheckOutTest()'><b>cancelCheckOutTest</b><br>Test class: com.swaglabs.testcases.CheckoutPageTest</td>
<td></td>
<td>40</td>
<td>com.swaglabs.testcases.CheckoutPageTest@33065d67</td></tr>
<tr>
<td title='com.swaglabs.testcases.HomePageTest.clickCartLogoTest()'><b>clickCartLogoTest</b><br>Test class: com.swaglabs.testcases.HomePageTest</td>
<td></td>
<td>10</td>
<td>com.swaglabs.testcases.HomePageTest@4b013c76</td></tr>
<tr>
<td title='com.swaglabs.testcases.HomePageTest.menuLogoutBtnTest()'><b>menuLogoutBtnTest</b><br>Test class: com.swaglabs.testcases.HomePageTest</td>
<td></td>
<td>12</td>
<td>com.swaglabs.testcases.HomePageTest@4b013c76</td></tr>
<tr>
<td title='com.swaglabs.testcases.LoginPageTest.loginDDT()'><b>loginDDT</b><br>Test class: com.swaglabs.testcases.LoginPageTest<br>Parameters: performance_glitch_user, secret_sauce</td>
<td></td>
<td>48</td>
<td>com.swaglabs.testcases.LoginPageTest@298a5e20</td></tr>
<tr>
<td title='com.swaglabs.testcases.CheckoutPageTest.cancelcheckOutInfoTest()'><b>cancelcheckOutInfoTest</b><br>Test class: com.swaglabs.testcases.CheckoutPageTest</td>
<td></td>
<td>30</td>
<td>com.swaglabs.testcases.CheckoutPageTest@33065d67</td></tr>
<tr>
<td title='com.swaglabs.testcases.HomePageTest.getCartTextTest()'><b>getCartTextTest</b><br>Test class: com.swaglabs.testcases.HomePageTest</td>
<td></td>
<td>20</td>
<td>com.swaglabs.testcases.HomePageTest@4b013c76</td></tr>
<tr>
<td title='com.swaglabs.testcases.CheckoutPageTest.endToEndTest()'><b>endToEndTest</b><br>Test class: com.swaglabs.testcases.CheckoutPageTest</td>
<td></td>
<td>50</td>
<td>com.swaglabs.testcases.CheckoutPageTest@33065d67</td></tr>
<tr>
<td title='com.swaglabs.testcases.CheckoutPageTest.ddtCheckOutInfoTest()'><b>ddtCheckOutInfoTest</b><br>Test class: com.swaglabs.testcases.CheckoutPageTest<br>Parameters: First Name, Last Name, Postal Code</td>
<td></td>
<td>37</td>
<td>com.swaglabs.testcases.CheckoutPageTest@33065d67</td></tr>
<tr>
<td title='com.swaglabs.testcases.AddToCartPageTest.clickContinueShoppingBtnTest()'><b>clickContinueShoppingBtnTest</b><br>Test class: com.swaglabs.testcases.AddToCartPageTest</td>
<td></td>
<td>12</td>
<td>com.swaglabs.testcases.AddToCartPageTest@53fb3dab</td></tr>
<tr>
<td title='com.swaglabs.testcases.HomePageTest.cartLogoVisibilityTest()'><b>cartLogoVisibilityTest</b><br>Test class: com.swaglabs.testcases.HomePageTest</td>
<td></td>
<td>8</td>
<td>com.swaglabs.testcases.HomePageTest@4b013c76</td></tr>
<tr>
<td title='com.swaglabs.testcases.HomePageTest.menuAllItemsBtnTest()'><b>menuAllItemsBtnTest</b><br>Test class: com.swaglabs.testcases.HomePageTest</td>
<td></td>
<td>12</td>
<td>com.swaglabs.testcases.HomePageTest@4b013c76</td></tr>
<tr>
<td title='com.swaglabs.testcases.AddToCartPageTest.clickCheckoutBtnTest()'><b>clickCheckoutBtnTest</b><br>Test class: com.swaglabs.testcases.AddToCartPageTest</td>
<td></td>
<td>13</td>
<td>com.swaglabs.testcases.AddToCartPageTest@53fb3dab</td></tr>
<tr>
<td title='com.swaglabs.testcases.CheckoutPageTest.ddtCheckOutInfoTest()'><b>ddtCheckOutInfoTest</b><br>Test class: com.swaglabs.testcases.CheckoutPageTest<br>Parameters: Robin, Celcius, 2000.0</td>
<td></td>
<td>36</td>
<td>com.swaglabs.testcases.CheckoutPageTest@33065d67</td></tr>
<tr>
<td title='com.swaglabs.testcases.CheckoutPageTest.finishCheckOutTest()'><b>finishCheckOutTest</b><br>Test class: com.swaglabs.testcases.CheckoutPageTest</td>
<td></td>
<td>42</td>
<td>com.swaglabs.testcases.CheckoutPageTest@33065d67</td></tr>
</table><p>
</body>
</html>