<?xml version="1.0" encoding="UTF-8"?>
<!-- Generated by org.testng.reporters.JUnitXMLReporter -->
<testsuite ignored="0" hostname="SHIFAT" failures="6" tests="29" name="All Test" time="728.369" errors="0" timestamp="2023-07-02T00:45:27 BDT">
  <testcase classname="com.swaglabs.testcases.LoginPageTest" name="loginTest" time="9.022"/>
  <testcase classname="com.swaglabs.testcases.LoginPageTest" name="loginDDT" time="9.446">
    <failure type="java.lang.AssertionError" message="expected [true] but found [false]">
      <![CDATA[java.lang.AssertionError: expected [true] but found [false]
at com.swaglabs.testcases.LoginPageTest.loginDDT(LoginPageTest.java:50)
at java.base/java.util.ArrayList.forEach(ArrayList.java:1511)
... Removed 31 stack frames]]>
    </failure>
  </testcase> <!-- loginDDT -->
  <testcase classname="com.swaglabs.testcases.LoginPageTest" name="loginDDT" time="11.215"/>
  <testcase classname="com.swaglabs.testcases.LoginPageTest" name="loginDDT" time="9.463">
    <failure type="java.lang.AssertionError" message="expected [true] but found [false]">
      <![CDATA[java.lang.AssertionError: expected [true] but found [false]
at com.swaglabs.testcases.LoginPageTest.loginDDT(LoginPageTest.java:50)
at java.base/java.util.ArrayList.forEach(ArrayList.java:1511)
... Removed 31 stack frames]]>
    </failure>
  </testcase> <!-- loginDDT -->
  <testcase classname="com.swaglabs.testcases.LoginPageTest" name="loginDDT" time="10.116"/>
  <testcase classname="com.swaglabs.testcases.LoginPageTest" name="loginDDT" time="48.247"/>
  <testcase classname="com.swaglabs.testcases.LoginPageTest" name="loginDDT" time="9.433">
    <failure type="java.lang.AssertionError" message="expected [true] but found [false]">
      <![CDATA[java.lang.AssertionError: expected [true] but found [false]
at com.swaglabs.testcases.LoginPageTest.loginDDT(LoginPageTest.java:50)
at java.base/java.util.ArrayList.forEach(ArrayList.java:1511)
... Removed 31 stack frames]]>
    </failure>
  </testcase> <!-- loginDDT -->
  <testcase classname="com.swaglabs.testcases.LoginPageTest" name="loginDDT" time="9.348">
    <failure type="java.lang.AssertionError" message="expected [true] but found [false]">
      <![CDATA[java.lang.AssertionError: expected [true] but found [false]
at com.swaglabs.testcases.LoginPageTest.loginDDT(LoginPageTest.java:50)
at java.base/java.util.ArrayList.forEach(ArrayList.java:1511)
... Removed 31 stack frames]]>
    </failure>
  </testcase> <!-- loginDDT -->
  <testcase classname="com.swaglabs.testcases.LoginPageTest" name="loginDDT" time="9.453">
    <failure type="java.lang.AssertionError" message="expected [true] but found [false]">
      <![CDATA[java.lang.AssertionError: expected [true] but found [false]
at com.swaglabs.testcases.LoginPageTest.loginDDT(LoginPageTest.java:50)
at java.base/java.util.ArrayList.forEach(ArrayList.java:1511)
... Removed 31 stack frames]]>
    </failure>
  </testcase> <!-- loginDDT -->
  <testcase classname="com.swaglabs.testcases.HomePageTest" name="countProductTest" time="8.49"/>
  <testcase classname="com.swaglabs.testcases.HomePageTest" name="productTitleTest" time="35.349"/>
  <testcase classname="com.swaglabs.testcases.HomePageTest" name="cartLogoVisibilityTest" time="8.14"/>
  <testcase classname="com.swaglabs.testcases.HomePageTest" name="clickCartLogoTest" time="10.562"/>
  <testcase classname="com.swaglabs.testcases.HomePageTest" name="getCartTextTest" time="20.529"/>
  <testcase classname="com.swaglabs.testcases.HomePageTest" name="menuAllItemsBtnTest" time="12.462"/>
  <testcase classname="com.swaglabs.testcases.HomePageTest" name="menuAboutBtnTest" time="14.852"/>
  <testcase classname="com.swaglabs.testcases.HomePageTest" name="menuLogoutBtnTest" time="12.5"/>
  <testcase classname="com.swaglabs.testcases.AddToCartPageTest" name="clickContinueShoppingBtnTest" time="12.672"/>
  <testcase classname="com.swaglabs.testcases.AddToCartPageTest" name="clickCheckoutBtnTest" time="13.028"/>
  <testcase classname="com.swaglabs.testcases.DetailsPageTest" name="addCartTestDetailsPage" time="42.041"/>
  <testcase classname="com.swaglabs.testcases.CheckoutPageTest" name="checkOutInfoTest" time="37.351">
    <failure type="java.lang.AssertionError" message="expected [true] but found [false]">
      <![CDATA[java.lang.AssertionError: expected [true] but found [false]
at com.swaglabs.testcases.CheckoutPageTest.checkOutInfoTest(CheckoutPageTest.java:49)
at java.base/java.util.ArrayList.forEach(ArrayList.java:1511)
... Removed 31 stack frames]]>
    </failure>
  </testcase> <!-- checkOutInfoTest -->
  <testcase classname="com.swaglabs.testcases.CheckoutPageTest" name="cancelcheckOutInfoTest" time="30.368"/>
  <testcase classname="com.swaglabs.testcases.CheckoutPageTest" name="finishCheckOutTest" time="42.587"/>
  <testcase classname="com.swaglabs.testcases.CheckoutPageTest" name="cancelCheckOutTest" time="40.041"/>
  <testcase classname="com.swaglabs.testcases.CheckoutPageTest" name="endToEndTest" time="50.887"/>
  <testcase classname="com.swaglabs.testcases.CheckoutPageTest" name="ddtCheckOutInfoTest" time="37.332"/>
  <testcase classname="com.swaglabs.testcases.CheckoutPageTest" name="ddtCheckOutInfoTest" time="37.857"/>
  <testcase classname="com.swaglabs.testcases.CheckoutPageTest" name="ddtCheckOutInfoTest" time="36.379"/>
  <testcase classname="com.swaglabs.testcases.CheckoutPageTest" name="ddtCheckOutInfoTest" time="36.376"/>
</testsuite> <!-- All Test -->
